<?xml version="1.0" encoding="UTF-8"?>
<!-- Generated by org.testng.reporters.JUnitReportReporter -->
<testsuite hostname="TusharThakare" failures="0" tests="2" name="test.LoginTest" time="0.650" errors="0" timestamp="2023-02-10T19:25:36 IST" skipped="0">
  <testcase classname="test.LoginTest" name="verifyLoginPage" time="0.640"/>
  <system-out/>
  <testcase classname="test.LoginTest" name="VerifyUrlOfLoginpage" time="0.010"/>
  <system-out/>
</testsuite> <!-- test.LoginTest -->
